2026-04-27 12:43:04.150 [INFO ] [openhab.event.InboxAddedEvent       ] - Discovery Result with UID 'astro:moon:local' has been added.
2026-04-27 12:43:04.152 [INFO ] [openhab.event.InboxAddedEvent       ] - Discovery Result with UID 'astro:sun:local' has been added.
2026-04-27 14:28:01.631 [INFO ] [openhab.event.ItemCommandEvent      ] - Item 'Luz_Direccion' received command ON (source: org.openhab.core.io.rest$Borja)
2026-04-27 14:28:01.636 [INFO ] [openhab.event.ItemStateChangedEvent ] - Item 'Luz_Direccion' changed from NULL to ON (source: org.openhab.core.autoupdate)
2026-04-27 14:28:10.816 [INFO ] [openhab.event.ItemCommandEvent      ] - Item 'Luz_PatioNorte' received command OFF (source: org.openhab.core.io.rest$Borja)
2026-04-27 14:28:10.817 [INFO ] [openhab.event.ItemStateChangedEvent ] - Item 'Luz_PatioNorte' changed from NULL to OFF (source: org.openhab.core.autoupdate)
2026-04-27 14:28:10.819 [INFO ] [openhab.event.ItemCommandEvent      ] - Item 'Luz_PatioSur' received command OFF (source: org.openhab.core.io.rest$Borja)
2026-04-27 14:28:10.819 [INFO ] [openhab.event.ItemStateChangedEvent ] - Item 'Luz_PatioSur' changed from NULL to OFF (source: org.openhab.core.autoupdate)
2026-04-27 15:22:35.810 [INFO ] [openhab.event.ItemCommandEvent      ] - Item 'AC_Setpoint' received command 15 (source: org.openhab.ui=>org.openhab.core.io.rest$Borja)
2026-04-27 15:22:35.833 [INFO ] [openhab.event.ItemStateChangedEvent ] - Item 'AC_Setpoint' changed from NULL to 15 °C (source: org.openhab.core.autoupdate)
2026-04-27 15:22:43.250 [INFO ] [openhab.event.ItemCommandEvent      ] - Item 'AC_CurrentTemp' received command -10 (source: org.openhab.ui=>org.openhab.core.io.rest$Borja)
2026-04-27 15:22:43.251 [INFO ] [openhab.event.ItemStateChangedEvent ] - Item 'AC_CurrentTemp' changed from NULL to -10 °C (source: org.openhab.core.autoupdate)
2026-04-27 15:22:43.973 [INFO ] [openhab.event.ItemCommandEvent      ] - Item 'AC_CurrentTemp' received command 23 °C (source: org.openhab.ui=>org.openhab.core.io.rest$Borja)
2026-04-27 15:22:43.977 [INFO ] [openhab.event.ItemStateChangedEvent ] - Item 'AC_CurrentTemp' changed from -10 °C to 23 °C (source: org.openhab.core.autoupdate)
2026-04-27 15:23:17.468 [INFO ] [openhab.event.ItemCommandEvent      ] - Item 'AC_Power' received command ON (source: org.openhab.ui=>org.openhab.core.io.rest$Borja)
2026-04-27 15:23:17.469 [INFO ] [openhab.event.ItemStateChangedEvent ] - Item 'AC_Power' changed from NULL to ON (source: org.openhab.core.autoupdate)
2026-04-27 15:23:19.458 [INFO ] [openhab.event.ItemCommandEvent      ] - Item 'AC_Power' received command OFF (source: org.openhab.ui=>org.openhab.core.io.rest$Borja)
2026-04-27 15:23:19.459 [INFO ] [openhab.event.ItemStateChangedEvent ] - Item 'AC_Power' changed from ON to OFF (source: org.openhab.core.autoupdate)
2026-04-27 15:23:20.838 [INFO ] [openhab.event.ItemCommandEvent      ] - Item 'AC_Power' received command ON (source: org.openhab.ui=>org.openhab.core.io.rest$Borja)
2026-04-27 15:23:20.839 [INFO ] [openhab.event.ItemStateChangedEvent ] - Item 'AC_Power' changed from OFF to ON (source: org.openhab.core.autoupdate)
2026-04-27 15:23:34.942 [INFO ] [openhab.event.ItemCommandEvent      ] - Item 'AC_Power' received command OFF (source: org.openhab.ui=>org.openhab.core.io.rest$Borja)
2026-04-27 15:23:34.943 [INFO ] [openhab.event.ItemStateChangedEvent ] - Item 'AC_Power' changed from ON to OFF (source: org.openhab.core.autoupdate)
2026-04-27 15:23:49.112 [INFO ] [openhab.event.ItemCommandEvent      ] - Item 'AC_Power' received command ON (source: org.openhab.ui=>org.openhab.core.io.rest$Borja)
2026-04-27 15:23:49.113 [INFO ] [openhab.event.ItemStateChangedEvent ] - Item 'AC_Power' changed from OFF to ON (source: org.openhab.core.autoupdate)
2026-04-27 15:23:54.742 [INFO ] [openhab.event.ItemCommandEvent      ] - Item 'AC_CurrentTemp' received command 18 °C (source: org.openhab.ui=>org.openhab.core.io.rest$Borja)
2026-04-27 15:23:54.744 [INFO ] [openhab.event.ItemStateChangedEvent ] - Item 'AC_CurrentTemp' changed from 23 °C to 18 °C (source: org.openhab.core.autoupdate)
2026-04-27 15:23:54.942 [INFO ] [openhab.event.ItemCommandEvent      ] - Item 'AC_CurrentTemp' received command 14 °C (source: org.openhab.ui=>org.openhab.core.io.rest$Borja)
2026-04-27 15:23:54.944 [INFO ] [openhab.event.ItemStateChangedEvent ] - Item 'AC_CurrentTemp' changed from 18 °C to 14 °C (source: org.openhab.core.autoupdate)
2026-04-27 15:23:55.132 [INFO ] [openhab.event.ItemCommandEvent      ] - Item 'AC_CurrentTemp' received command 13 °C (source: org.openhab.ui=>org.openhab.core.io.rest$Borja)
2026-04-27 15:23:55.134 [INFO ] [openhab.event.ItemStateChangedEvent ] - Item 'AC_CurrentTemp' changed from 14 °C to 13 °C (source: org.openhab.core.autoupdate)
2026-04-27 15:23:55.332 [INFO ] [openhab.event.ItemCommandEvent      ] - Item 'AC_CurrentTemp' received command 12 °C (source: org.openhab.ui=>org.openhab.core.io.rest$Borja)
2026-04-27 15:23:55.334 [INFO ] [openhab.event.ItemStateChangedEvent ] - Item 'AC_CurrentTemp' changed from 13 °C to 12 °C (source: org.openhab.core.autoupdate)
2026-04-27 15:24:01.435 [INFO ] [openhab.event.ItemCommandEvent      ] - Item 'AC_Setpoint' received command 16 °C (source: org.openhab.ui=>org.openhab.core.io.rest$Borja)
2026-04-27 15:24:01.437 [INFO ] [openhab.event.ItemStateChangedEvent ] - Item 'AC_Setpoint' changed from 15 °C to 16 °C (source: org.openhab.core.autoupdate)
2026-04-27 15:24:06.895 [INFO ] [openhab.event.ItemCommandEvent      ] - Item 'AC_Setpoint' received command 18 °C (source: org.openhab.ui=>org.openhab.core.io.rest$Borja)
2026-04-27 15:24:06.896 [INFO ] [openhab.event.ItemStateChangedEvent ] - Item 'AC_Setpoint' changed from 16 °C to 18 °C (source: org.openhab.core.autoupdate)
2026-04-27 15:24:10.375 [INFO ] [openhab.event.ItemCommandEvent      ] - Item 'AC_Setpoint' received command 16 °C (source: org.openhab.ui=>org.openhab.core.io.rest$Borja)
2026-04-27 15:24:10.377 [INFO ] [openhab.event.ItemStateChangedEvent ] - Item 'AC_Setpoint' changed from 18 °C to 16 °C (source: org.openhab.core.autoupdate)
2026-04-27 15:28:05.261 [INFO ] [openhab.event.ItemCommandEvent      ] - Item 'AC_Power' received command OFF (source: org.openhab.ui=>org.openhab.core.io.rest$Borja)
2026-04-27 15:28:05.263 [INFO ] [openhab.event.ItemStateChangedEvent ] - Item 'AC_Power' changed from ON to OFF (source: org.openhab.core.autoupdate)
2026-04-27 15:28:09.066 [INFO ] [openhab.event.ItemCommandEvent      ] - Item 'AC_Power' received command ON (source: org.openhab.ui=>org.openhab.core.io.rest$Borja)
2026-04-27 15:28:09.067 [INFO ] [openhab.event.ItemStateChangedEvent ] - Item 'AC_Power' changed from OFF to ON (source: org.openhab.core.autoupdate)
2026-04-27 15:30:52.352 [INFO ] [openhab.event.ItemCommandEvent      ] - Item 'AC_Setpoint' received command 18 °C (source: org.openhab.ui=>org.openhab.core.io.rest$Borja)
2026-04-27 15:30:52.354 [INFO ] [openhab.event.ItemStateChangedEvent ] - Item 'AC_Setpoint' changed from 16 °C to 18 °C (source: org.openhab.core.autoupdate)
2026-04-27 15:30:57.862 [INFO ] [openhab.event.ItemCommandEvent      ] - Item 'AC_Setpoint' received command 16 °C (source: org.openhab.ui=>org.openhab.core.io.rest$Borja)
2026-04-27 15:30:57.864 [INFO ] [openhab.event.ItemStateChangedEvent ] - Item 'AC_Setpoint' changed from 18 °C to 16 °C (source: org.openhab.core.autoupdate)
2026-04-27 15:31:02.292 [INFO ] [openhab.event.ItemCommandEvent      ] - Item 'AC_Setpoint' received command 17 °C (source: org.openhab.ui=>org.openhab.core.io.rest$Borja)
2026-04-27 15:31:02.293 [INFO ] [openhab.event.ItemStateChangedEvent ] - Item 'AC_Setpoint' changed from 16 °C to 17 °C (source: org.openhab.core.autoupdate)
2026-04-27 15:31:05.672 [INFO ] [openhab.event.ItemCommandEvent      ] - Item 'AC_CurrentTemp' received command 22 °C (source: org.openhab.ui=>org.openhab.core.io.rest$Borja)
2026-04-27 15:31:05.674 [INFO ] [openhab.event.ItemStateChangedEvent ] - Item 'AC_CurrentTemp' changed from 12 °C to 22 °C (source: org.openhab.core.autoupdate)
2026-04-27 15:31:05.863 [INFO ] [openhab.event.ItemCommandEvent      ] - Item 'AC_CurrentTemp' received command 23 °C (source: org.openhab.ui=>org.openhab.core.io.rest$Borja)
2026-04-27 15:31:05.864 [INFO ] [openhab.event.ItemStateChangedEvent ] - Item 'AC_CurrentTemp' changed from 22 °C to 23 °C (source: org.openhab.core.autoupdate)
2026-04-27 15:31:11.182 [INFO ] [openhab.event.ItemCommandEvent      ] - Item 'AC_Power' received command OFF (source: org.openhab.ui=>org.openhab.core.io.rest$Borja)
2026-04-27 15:31:11.183 [INFO ] [openhab.event.ItemStateChangedEvent ] - Item 'AC_Power' changed from ON to OFF (source: org.openhab.core.autoupdate)
2026-04-27 15:31:16.437 [INFO ] [openhab.event.ItemCommandEvent      ] - Item 'AC_Power' received command ON (source: org.openhab.ui=>org.openhab.core.io.rest$Borja)
2026-04-27 15:31:16.438 [INFO ] [openhab.event.ItemStateChangedEvent ] - Item 'AC_Power' changed from OFF to ON (source: org.openhab.core.autoupdate)
2026-04-27 15:31:21.427 [INFO ] [openhab.event.ItemCommandEvent      ] - Item 'AC_CurrentTemp' received command 10 °C (source: org.openhab.ui=>org.openhab.core.io.rest$Borja)
2026-04-27 15:31:21.429 [INFO ] [openhab.event.ItemStateChangedEvent ] - Item 'AC_CurrentTemp' changed from 23 °C to 10 °C (source: org.openhab.core.autoupdate)
2026-04-27 15:31:21.617 [INFO ] [openhab.event.ItemCommandEvent      ] - Item 'AC_CurrentTemp' received command 12 °C (source: org.openhab.ui=>org.openhab.core.io.rest$Borja)
2026-04-27 15:31:21.618 [INFO ] [openhab.event.ItemStateChangedEvent ] - Item 'AC_CurrentTemp' changed from 10 °C to 12 °C (source: org.openhab.core.autoupdate)
2026-04-27 15:31:21.817 [INFO ] [openhab.event.ItemCommandEvent      ] - Item 'AC_CurrentTemp' received command 13 °C (source: org.openhab.ui=>org.openhab.core.io.rest$Borja)
2026-04-27 15:31:21.818 [INFO ] [openhab.event.ItemStateChangedEvent ] - Item 'AC_CurrentTemp' changed from 12 °C to 13 °C (source: org.openhab.core.autoupdate)
2026-04-27 15:31:22.007 [INFO ] [openhab.event.ItemCommandEvent      ] - Item 'AC_CurrentTemp' received command 12 °C (source: org.openhab.ui=>org.openhab.core.io.rest$Borja)
2026-04-27 15:31:22.009 [INFO ] [openhab.event.ItemStateChangedEvent ] - Item 'AC_CurrentTemp' changed from 13 °C to 12 °C (source: org.openhab.core.autoupdate)
2026-04-27 15:31:30.296 [INFO ] [openhab.event.ItemCommandEvent      ] - Item 'AC_CurrentTemp' received command 21 °C (source: org.openhab.ui=>org.openhab.core.io.rest$Borja)
2026-04-27 15:31:30.298 [INFO ] [openhab.event.ItemStateChangedEvent ] - Item 'AC_CurrentTemp' changed from 12 °C to 21 °C (source: org.openhab.core.autoupdate)
2026-04-27 15:31:30.496 [INFO ] [openhab.event.ItemCommandEvent      ] - Item 'AC_CurrentTemp' received command 22 °C (source: org.openhab.ui=>org.openhab.core.io.rest$Borja)
2026-04-27 15:31:30.498 [INFO ] [openhab.event.ItemStateChangedEvent ] - Item 'AC_CurrentTemp' changed from 21 °C to 22 °C (source: org.openhab.core.autoupdate)
2026-04-27 15:31:30.687 [INFO ] [openhab.event.ItemCommandEvent      ] - Item 'AC_CurrentTemp' received command 23 °C (source: org.openhab.ui=>org.openhab.core.io.rest$Borja)
2026-04-27 15:31:30.688 [INFO ] [openhab.event.ItemStateChangedEvent ] - Item 'AC_CurrentTemp' changed from 22 °C to 23 °C (source: org.openhab.core.autoupdate)
2026-04-27 15:32:14.949 [INFO ] [openhab.event.ItemCommandEvent      ] - Item 'AC_Power' received command OFF (source: org.openhab.core.io.rest$Borja)
2026-04-27 15:32:14.951 [INFO ] [openhab.event.ItemStateChangedEvent ] - Item 'AC_Power' changed from ON to OFF (source: org.openhab.core.autoupdate)
2026-04-27 15:32:35.573 [INFO ] [openhab.event.ItemCommandEvent      ] - Item 'AC_Power' received command ON (source: org.openhab.core.io.rest$Borja)
2026-04-27 15:32:35.574 [INFO ] [openhab.event.ItemStateChangedEvent ] - Item 'AC_Power' changed from OFF to ON (source: org.openhab.core.autoupdate)
2026-04-27 15:32:50.628 [INFO ] [openhab.event.ItemCommandEvent      ] - Item 'AC_Setpoint' received command 18 (source: org.openhab.core.io.rest$Borja)
2026-04-27 15:32:50.629 [INFO ] [openhab.event.ItemStateChangedEvent ] - Item 'AC_Setpoint' changed from 17 °C to 18 °C (source: org.openhab.core.autoupdate)
2026-04-27 15:33:15.132 [INFO ] [openhab.event.ItemCommandEvent      ] - Item 'AC_CurrentTemp' received command 20 (source: org.openhab.core.io.rest$Borja)
2026-04-27 15:33:15.134 [INFO ] [openhab.event.ItemStateChangedEvent ] - Item 'AC_CurrentTemp' changed from 23 °C to 20 °C (source: org.openhab.core.autoupdate)
2026-04-27 15:33:37.789 [INFO ] [openhab.event.ItemCommandEvent      ] - Item 'AC_CurrentTemp' received command 22 °C (source: org.openhab.ui=>org.openhab.core.io.rest$Borja)
2026-04-27 15:33:37.790 [INFO ] [openhab.event.ItemStateChangedEvent ] - Item 'AC_CurrentTemp' changed from 20 °C to 22 °C (source: org.openhab.core.autoupdate)
2026-04-27 15:33:38.025 [INFO ] [openhab.event.ItemCommandEvent      ] - Item 'AC_CurrentTemp' received command 23 °C (source: org.openhab.ui=>org.openhab.core.io.rest$Borja)
2026-04-27 15:33:38.026 [INFO ] [openhab.event.ItemStateChangedEvent ] - Item 'AC_CurrentTemp' changed from 22 °C to 23 °C (source: org.openhab.core.autoupdate)
2026-04-27 15:36:08.787 [INFO ] [openhab.event.ItemCommandEvent      ] - Item 'AC_CurrentTemp' received command 32 °C (source: org.openhab.ui=>org.openhab.core.io.rest$Borja)
2026-04-27 15:36:08.788 [INFO ] [openhab.event.ItemStateChangedEvent ] - Item 'AC_CurrentTemp' changed from 23 °C to 32 °C (source: org.openhab.core.autoupdate)
2026-04-27 15:36:09.027 [INFO ] [openhab.event.ItemCommandEvent      ] - Item 'AC_CurrentTemp' received command 35 °C (source: org.openhab.ui=>org.openhab.core.io.rest$Borja)
2026-04-27 15:36:09.028 [INFO ] [openhab.event.ItemStateChangedEvent ] - Item 'AC_CurrentTemp' changed from 32 °C to 35 °C (source: org.openhab.core.autoupdate)
2026-04-27 15:36:09.849 [INFO ] [openhab.event.ItemCommandEvent      ] - Item 'AC_Power' received command ON (source: org.openhab.core.io.rest$Borja)
2026-04-27 15:36:11.798 [INFO ] [openhab.event.ItemCommandEvent      ] - Item 'AC_Power' received command ON (source: org.openhab.core.io.rest$Borja)
2026-04-27 15:36:35.978 [INFO ] [openhab.event.ItemCommandEvent      ] - Item 'AC_CurrentTemp' received command 28 °C (source: org.openhab.ui=>org.openhab.core.io.rest$Borja)
2026-04-27 15:36:35.979 [INFO ] [openhab.event.ItemStateChangedEvent ] - Item 'AC_CurrentTemp' changed from 35 °C to 28 °C (source: org.openhab.core.autoupdate)
2026-04-27 15:36:36.178 [INFO ] [openhab.event.ItemCommandEvent      ] - Item 'AC_CurrentTemp' received command 26 °C (source: org.openhab.ui=>org.openhab.core.io.rest$Borja)
2026-04-27 15:36:36.180 [INFO ] [openhab.event.ItemStateChangedEvent ] - Item 'AC_CurrentTemp' changed from 28 °C to 26 °C (source: org.openhab.core.autoupdate)
2026-04-27 15:36:37.167 [INFO ] [openhab.event.ItemCommandEvent      ] - Item 'AC_Power' received command OFF (source: org.openhab.core.io.rest$Borja)
2026-04-27 15:36:37.168 [INFO ] [openhab.event.ItemStateChangedEvent ] - Item 'AC_Power' changed from ON to OFF (source: org.openhab.core.autoupdate)
2026-04-27 15:36:39.584 [INFO ] [openhab.event.ItemCommandEvent      ] - Item 'AC_Power' received command OFF (source: org.openhab.core.io.rest$Borja)
